<?xml version="1.0" encoding="UTF-8"?>
<testng-results ignored="0" total="1" passed="1" failed="0" skipped="0">
  <reporter-output>
  </reporter-output>
  <suite started-at="2021-04-04T23:06:00 GMT-05:00" name="Default suite" finished-at="2021-04-04T23:06:03 GMT-05:00" duration-ms="2626">
    <groups>
    </groups>
    <test started-at="2021-04-04T23:06:00 GMT-05:00" name="Default test" finished-at="2021-04-04T23:06:03 GMT-05:00" duration-ms="2626">
      <class name="test_del">
        <test-method signature="del_test()[pri:0, instance:test_del@2f8dad04]" started-at="2021-04-04T23:06:00 GMT-05:00" name="del_test" finished-at="2021-04-04T23:06:03 GMT-05:00" duration-ms="2548" status="PASS">
          <reporter-output>
          </reporter-output>
        </test-method> <!-- del_test -->
      </class> <!-- test_del -->
    </test> <!-- Default test -->
  </suite> <!-- Default suite -->
</testng-results>
