<?xml version="1.0" encoding="UTF-8"?>
<testng-results ignored="0" total="1" passed="1" failed="0" skipped="0">
  <reporter-output>
  </reporter-output>
  <suite started-at="2021-04-01T17:03:43 GMT-05:00" name="Default suite" finished-at="2021-04-01T17:03:46 GMT-05:00" duration-ms="3461">
    <groups>
    </groups>
    <test started-at="2021-04-01T17:03:43 GMT-05:00" name="Default test" finished-at="2021-04-01T17:03:46 GMT-05:00" duration-ms="3461">
      <class name="test_delete">
        <test-method signature="test_del_01()[pri:0, instance:test_delete@2bfc268b]" started-at="2021-04-01T17:03:43 GMT-05:00" name="test_del_01" finished-at="2021-04-01T17:03:46 GMT-05:00" duration-ms="3416" status="PASS">
          <reporter-output>
          </reporter-output>
        </test-method> <!-- test_del_01 -->
      </class> <!-- test_delete -->
    </test> <!-- Default test -->
  </suite> <!-- Default suite -->
</testng-results>
